<?xml version="1.0" encoding="UTF-8"?>
<!-- Generated by org.testng.reporters.JUnitXMLReporter -->
<testsuite ignored="0" hostname="DESKTOP-6UC4GUC" failures="2" tests="15" name="Command line test" time="47.712" errors="0" timestamp="2022-05-29T19:01:32 CDT">
  <testcase classname="scripts._01_AppleTest" name="X" time="0.004">
    <failure type="java.lang.AssertionError" message="Failure on purpose">
      <![CDATA[java.lang.AssertionError: Failure on purpose
at scripts._01_AppleTest.X(_01_AppleTest.java:31)
at java.base/java.util.ArrayList.forEach(ArrayList.java:1511)
... Removed 38 stack frames]]>
    </failure>
  </testcase> <!-- X -->
  <testcase classname="scripts._01_AppleTest" name="testAppleTitle" time="0.809"/>
  <testcase classname="scripts._01_AppleTest" name="testAppleURL" time="0.811"/>
  <testcase classname="scripts._02_TechGlobalTest" name="testHeading" time="0.608"/>
  <testcase classname="scripts._03_EtsyTest" name="testEtsyLogo" time="1.805"/>
  <testcase classname="scripts._03_EtsyTest" name="testEtsySearch" time="1.719"/>
  <testcase classname="scripts._03_EtsyTest" name="testEtsySearchResult" time="4.583"/>
  <testcase classname="scripts._03_EtsyTest" name="testMainHeader" time="1.827"/>
  <testcase classname="scripts._04_GoogleSearchTest" name="testSearch" time="2.284"/>
  <testcase classname="scripts._04_GoogleSearchTest" name="testGoogleStoreLink" time="3.029"/>
  <testcase classname="scripts._05_CheckBoxTest" name="testCheckBoxInHeroApp" time="0.993"/>
  <testcase classname="scripts._06_RadioButtonTest" name="testFacebookGenderRadioButtons" time="1.166"/>
  <testcase classname="scripts._07_DropdownTest" name="testUnsecurePasswordErrorMessage" time="5.226"/>
  <testcase classname="scripts._07_DropdownTest" name="testExpediaDropdowns" time="4.97">
    <failure type="org.openqa.selenium.ElementClickInterceptedException" message="element click intercepted: Element &amp;lt;a aria-label=&amp;quot;Flights&amp;quot; data-stid=&amp;quot;flight-link&amp;quot; href=&amp;quot;/Flights&amp;quot; target=&amp;quot;_self&amp;quot; rel=&amp;quot;&amp;quot; class=&amp;quot;uitk-link uitk-list-item uitk-link-align-left uitk-link-layout-default uitk-link-medium&amp;quot; role=&amp;quot;link&amp;quot;&amp;gt;...&amp;lt;/a&amp;gt; is not clickable at point (839, 103). Other element would receive the click: &amp;lt;svg class=&amp;quot;uitk-icon uitk-spacing uitk-spacing-padding-inlineend-three uitk-icon-medium&amp;quot; aria-describedby=&amp;quot;menu-link-lob_hotels-description&amp;quot; role=&amp;quot;img&amp;quot; viewBox=&amp;quot;0 0 24 24&amp;quot; xmlns=&amp;quot;http://www.w3.org/2000/svg&amp;quot; xmlns:xlink=&amp;quot;http://www.w3.org/1999/xlink&amp;quot;&amp;gt;...&amp;lt;/svg&amp;gt;
  (Session info: chrome=101.0.4951.67)
Build info: version: &amp;apos;3.141.59&amp;apos;, revision: &amp;apos;e82be7d358&amp;apos;, time: &amp;apos;2018-11-14T08:17:03&amp;apos;
System info: host: &amp;apos;DESKTOP-6UC4GUC&amp;apos;, ip: &amp;apos;10.0.0.63&amp;apos;, os.name: &amp;apos;Windows 10&amp;apos;, os.arch: &amp;apos;amd64&amp;apos;, os.version: &amp;apos;10.0&amp;apos;, java.version: &amp;apos;17.0.2&amp;apos;
Driver info: org.openqa.selenium.chrome.ChromeDriver
Capabilities {acceptInsecureCerts: false, browserName: chrome, browserVersion: 101.0.4951.67, chrome: {chromedriverVersion: 101.0.4951.41 (93c720db8323..., userDataDir: C:\Users\DJKre\AppData\Loca...}, goog:chromeOptions: {debuggerAddress: localhost:58191}, javascriptEnabled: true, networkConnectionEnabled: false, pageLoadStrategy: normal, platform: WINDOWS, platformName: WINDOWS, proxy: Proxy(), setWindowRect: true, strictFileInteractability: false, timeouts: {implicit: 0, pageLoad: 300000, script: 30000}, unhandledPromptBehavior: dismiss and notify, webauthn:extension:credBlob: true, webauthn:extension:largeBlob: true, webauthn:virtualAuthenticators: true}
Session ID: 8a0c51e3e29af983ced5eaa35285c29d">
      <![CDATA[org.openqa.selenium.ElementClickInterceptedException: element click intercepted: Element <a aria-label="Flights" data-stid="flight-link" href="/Flights" target="_self" rel="" class="uitk-link uitk-list-item uitk-link-align-left uitk-link-layout-default uitk-link-medium" role="link">...</a> is not clickable at point (839, 103). Other element would receive the click: <svg class="uitk-icon uitk-spacing uitk-spacing-padding-inlineend-three uitk-icon-medium" aria-describedby="menu-link-lob_hotels-description" role="img" viewBox="0 0 24 24" xmlns="http://www.w3.org/2000/svg" xmlns:xlink="http://www.w3.org/1999/xlink">...</svg>
  (Session info: chrome=101.0.4951.67)
Build info: version: '3.141.59', revision: 'e82be7d358', time: '2018-11-14T08:17:03'
System info: host: 'DESKTOP-6UC4GUC', ip: '10.0.0.63', os.name: 'Windows 10', os.arch: 'amd64', os.version: '10.0', java.version: '17.0.2'
Driver info: org.openqa.selenium.chrome.ChromeDriver
Capabilities {acceptInsecureCerts: false, browserName: chrome, browserVersion: 101.0.4951.67, chrome: {chromedriverVersion: 101.0.4951.41 (93c720db8323..., userDataDir: C:\Users\DJKre\AppData\Loca...}, goog:chromeOptions: {debuggerAddress: localhost:58191}, javascriptEnabled: true, networkConnectionEnabled: false, pageLoadStrategy: normal, platform: WINDOWS, platformName: WINDOWS, proxy: Proxy(), setWindowRect: true, strictFileInteractability: false, timeouts: {implicit: 0, pageLoad: 300000, script: 30000}, unhandledPromptBehavior: dismiss and notify, webauthn:extension:credBlob: true, webauthn:extension:largeBlob: true, webauthn:virtualAuthenticators: true}
Session ID: 8a0c51e3e29af983ced5eaa35285c29d
at org.openqa.selenium.remote.http.W3CHttpResponseCodec.createException(W3CHttpResponseCodec.java:187)
at org.openqa.selenium.remote.http.W3CHttpResponseCodec.decode(W3CHttpResponseCodec.java:122)
at org.openqa.selenium.remote.http.W3CHttpResponseCodec.decode(W3CHttpResponseCodec.java:49)
at org.openqa.selenium.remote.HttpCommandExecutor.execute(HttpCommandExecutor.java:158)
at org.openqa.selenium.remote.service.DriverCommandExecutor.execute(DriverCommandExecutor.java:83)
at org.openqa.selenium.remote.RemoteWebDriver.execute(RemoteWebDriver.java:552)
at org.openqa.selenium.remote.RemoteWebElement.execute(RemoteWebElement.java:285)
at org.openqa.selenium.remote.RemoteWebElement.click(RemoteWebElement.java:84)
at org.openqa.selenium.support.pagefactory.internal.LocatingElementHandler.invoke(LocatingElementHandler.java:51)
at jdk.proxy2/jdk.proxy2.$Proxy9.click(Unknown Source)
at scripts._07_DropdownTest.testExpediaDropdowns(_07_DropdownTest.java:67)
at java.base/java.util.ArrayList.forEach(ArrayList.java:1511)
... Removed 46 stack frames]]>
    </failure>
  </testcase> <!-- testExpediaDropdowns -->
  <testcase classname="scripts._07_DropdownTest" name="testEbayDropdown" time="0.888"/>
</testsuite> <!-- Command line test -->
